
Showing logs for build [32mcb-kubecd-environment-pr-193-13-r8xn9-1[0m stage [32mfrom-build-pack[0m and container [32mstep-credential-initializer-f8w6c[0m
{"level":"warn","ts":1586085679.4965217,"logger":"fallback-logger","caller":"logging/config.go:69","msg":"Fetch GitHub commit ID from kodata failed: \"ref: refs/heads/0.8.0-**-support-backwards-incompats\" is not a valid GitHub commit ID"}
{"level":"info","ts":1586085679.497029,"logger":"fallback-logger","caller":"creds-init/main.go:40","msg":"Credentials initialized."}

Showing logs for build [32mcb-kubecd-environment-pr-193-13-r8xn9-1[0m stage [32mfrom-build-pack[0m and container [32mstep-working-dir-initializer-ctw6b[0m
{"level":"warn","ts":1586085680.486189,"logger":"fallback-logger","caller":"logging/config.go:69","msg":"Fetch GitHub commit ID from kodata failed: open /var/run/ko/HEAD: no such file or directory"}
{"level":"info","ts":1586085680.4877462,"logger":"fallback-logger","caller":"bash/main.go:64","msg":"Successfully executed command \"sh -c mkdir -p /workspace/source\"; output "}

Showing logs for build [32mcb-kubecd-environment-pr-193-13-r8xn9-1[0m stage [32mfrom-build-pack[0m and container [32mstep-place-tools[0m

Showing logs for build [32mcb-kubecd-environment-pr-193-13-r8xn9-1[0m stage [32mfrom-build-pack[0m and container [32mstep-git-source-cb-kubecd-environment-pr-193-13-r8xn9-km7hr[0m
{"level":"warn","ts":1586085683.6019552,"logger":"fallback-logger","caller":"logging/config.go:69","msg":"Fetch GitHub commit ID from kodata failed: \"ref: refs/heads/0.8.0-**-support-backwards-incompats\" is not a valid GitHub commit ID"}
{"level":"info","ts":1586085684.6329956,"logger":"fallback-logger","caller":"git/git.go:103","msg":"Successfully cloned https://github.com/cb-kubecd/environment-pr-193-138-boot-vault-gke-staging.git @ master in path /workspace/source"}

Showing logs for build [32mcb-kubecd-environment-pr-193-13-r8xn9-1[0m stage [32mfrom-build-pack[0m and container [32mstep-git-merge[0m
Using SHAs from PULL_REFS=master:13aa64548b9df0ad604fea7232074e3d6c206546,3:0a35d1d1187d3ab6bf8551b7958189c2795759f4
DEBUG: JX_LOG_LEVEL=error LC_ALL=C git fetch origin --unshallow 0a35d1d1187d3ab6bf8551b7958189c2795759f4: 13aa64548b9df0ad604fea7232074e3d6c206546:
DEBUG: ran git fetch --unshallow origin 0a35d1d1187d3ab6bf8551b7958189c2795759f4: 13aa64548b9df0ad604fea7232074e3d6c206546: in 
DEBUG: LC_ALL=C JX_LOG_LEVEL=error git branch
DEBUG: LC_ALL=C JX_LOG_LEVEL=error git checkout master
DEBUG: ran git checkout master in 
DEBUG: LC_ALL=C JX_LOG_LEVEL=error git reset --hard 13aa64548b9df0ad604fea7232074e3d6c206546
DEBUG: ran git reset --hard 13aa64548b9df0ad604fea7232074e3d6c206546 in 
DEBUG: LC_ALL=C JX_LOG_LEVEL=error git clean -fd .
DEBUG: ran clean --force -d . in 
DEBUG: JX_LOG_LEVEL=error LC_ALL=C git merge 0a35d1d1187d3ab6bf8551b7958189c2795759f4
DEBUG: ran git merge 0a35d1d1187d3ab6bf8551b7958189c2795759f4 in 
DEBUG: LC_ALL=C JX_LOG_LEVEL=error git log --format=%H%x1f%an%x1f%ae%x1f%cn%x1f%ce%x1f%s%n%b%x1e 13aa64548b9df0ad604fea7232074e3d6c206546..HEAD
Merged SHA 0a35d1d1187d3ab6bf8551b7958189c2795759f4 with commit message 'chore: Promote bdd-nh-1586084182 to version 0.0.1' into base branch master

Showing logs for build [32mcb-kubecd-environment-pr-193-13-r8xn9-1[0m stage [32mfrom-build-pack[0m and container [32mstep-build-helm-build[0m
WARNING: No $CHART_REPOSITORY defined so using the default value of: http://jenkins-x-chartmuseum:8080
Adding missing Helm repo: storage.googleapis.com https://storage.googleapis.com/chartmuseum.jenkins-x.io
WARNING: No secrets found on "helm/repos" due: reading the secret "helm/repos" from vault: no secret "helm/repos" not found in vault
Read credentials for https://storage.googleapis.com/chartmuseum.jenkins-x.io from vault helm/repos
Successfully added Helm repository storage.googleapis.com.
Adding missing Helm repo: jenkins-x-chartmuseum http://jenkins-x-chartmuseum:8080
WARNING: No secrets found on "helm/repos" due: reading the secret "helm/repos" from vault: no secret "helm/repos" not found in vault
Read credentials for http://jenkins-x-chartmuseum:8080 from vault helm/repos
Successfully added Helm repository jenkins-x-chartmuseum.
WARNING: No $CHART_REPOSITORY defined so using the default value of: http://jenkins-x-chartmuseum:8080
Adding missing Helm repo: chartmuseum.jenkins-x.io http://chartmuseum.jenkins-x.io
WARNING: No secrets found on "helm/repos" due: reading the secret "helm/repos" from vault: no secret "helm/repos" not found in vault
Read credentials for http://chartmuseum.jenkins-x.io from vault helm/repos
Successfully added Helm repository chartmuseum.jenkins-x.io.
