
Showing logs for build [32mcb-kubecd-environment-pr-193-13-2zlbs-1[0m stage [32mfrom-build-pack[0m and container [32mstep-credential-initializer-d5xfs[0m
{"level":"warn","ts":1586086713.946789,"logger":"fallback-logger","caller":"logging/config.go:69","msg":"Fetch GitHub commit ID from kodata failed: \"ref: refs/heads/0.8.0-**-support-backwards-incompats\" is not a valid GitHub commit ID"}
{"level":"info","ts":1586086713.9479673,"logger":"fallback-logger","caller":"creds-init/main.go:40","msg":"Credentials initialized."}

Showing logs for build [32mcb-kubecd-environment-pr-193-13-2zlbs-1[0m stage [32mfrom-build-pack[0m and container [32mstep-working-dir-initializer-wr5gm[0m
{"level":"warn","ts":1586086715.010166,"logger":"fallback-logger","caller":"logging/config.go:69","msg":"Fetch GitHub commit ID from kodata failed: open /var/run/ko/HEAD: no such file or directory"}
{"level":"info","ts":1586086715.0123856,"logger":"fallback-logger","caller":"bash/main.go:64","msg":"Successfully executed command \"sh -c mkdir -p /workspace/source\"; output "}

Showing logs for build [32mcb-kubecd-environment-pr-193-13-2zlbs-1[0m stage [32mfrom-build-pack[0m and container [32mstep-place-tools[0m

Showing logs for build [32mcb-kubecd-environment-pr-193-13-2zlbs-1[0m stage [32mfrom-build-pack[0m and container [32mstep-git-source-cb-kubecd-environment-pr-193-13-2zlbs-9ll22[0m
{"level":"warn","ts":1586086720.1303995,"logger":"fallback-logger","caller":"logging/config.go:69","msg":"Fetch GitHub commit ID from kodata failed: \"ref: refs/heads/0.8.0-**-support-backwards-incompats\" is not a valid GitHub commit ID"}
{"level":"info","ts":1586086721.1632545,"logger":"fallback-logger","caller":"git/git.go:103","msg":"Successfully cloned https://github.com/cb-kubecd/environment-pr-193-138-boot-vault-gke-staging.git @ master in path /workspace/source"}

Showing logs for build [32mcb-kubecd-environment-pr-193-13-2zlbs-1[0m stage [32mfrom-build-pack[0m and container [32mstep-git-merge[0m
Using SHAs from PULL_REFS=master:25b29d7d21c3a4ceef6bfbef50c4c47a0dccba53,4:7083fff24f399678d3ac04c3302bc62c250dd7e3
DEBUG: LC_ALL=C JX_LOG_LEVEL=error git fetch origin --unshallow 7083fff24f399678d3ac04c3302bc62c250dd7e3: 25b29d7d21c3a4ceef6bfbef50c4c47a0dccba53:
DEBUG: ran git fetch --unshallow origin 7083fff24f399678d3ac04c3302bc62c250dd7e3: 25b29d7d21c3a4ceef6bfbef50c4c47a0dccba53: in 
DEBUG: LC_ALL=C JX_LOG_LEVEL=error git branch
DEBUG: LC_ALL=C JX_LOG_LEVEL=error git checkout master
DEBUG: ran git checkout master in 
DEBUG: LC_ALL=C JX_LOG_LEVEL=error git reset --hard 25b29d7d21c3a4ceef6bfbef50c4c47a0dccba53
DEBUG: ran git reset --hard 25b29d7d21c3a4ceef6bfbef50c4c47a0dccba53 in 
DEBUG: LC_ALL=C JX_LOG_LEVEL=error git clean -fd .
DEBUG: ran clean --force -d . in 
DEBUG: LC_ALL=C JX_LOG_LEVEL=error git merge 7083fff24f399678d3ac04c3302bc62c250dd7e3
DEBUG: ran git merge 7083fff24f399678d3ac04c3302bc62c250dd7e3 in 
DEBUG: LC_ALL=C JX_LOG_LEVEL=error git log --format=%H%x1f%an%x1f%ae%x1f%cn%x1f%ce%x1f%s%n%b%x1e 25b29d7d21c3a4ceef6bfbef50c4c47a0dccba53..HEAD
Merged SHA 7083fff24f399678d3ac04c3302bc62c250dd7e3 with commit message 'chore: Promote bdd-gh-1586084182 to version 0.0.1' into base branch master

Showing logs for build [32mcb-kubecd-environment-pr-193-13-2zlbs-1[0m stage [32mfrom-build-pack[0m and container [32mstep-build-helm-build[0m
WARNING: No $CHART_REPOSITORY defined so using the default value of: http://jenkins-x-chartmuseum:8080
Adding missing Helm repo: storage.googleapis.com https://storage.googleapis.com/chartmuseum.jenkins-x.io
WARNING: No secrets found on "helm/repos" due: reading the secret "helm/repos" from vault: no secret "helm/repos" not found in vault
Read credentials for https://storage.googleapis.com/chartmuseum.jenkins-x.io from vault helm/repos
Successfully added Helm repository storage.googleapis.com.
Adding missing Helm repo: jenkins-x-chartmuseum http://jenkins-x-chartmuseum:8080
WARNING: No secrets found on "helm/repos" due: reading the secret "helm/repos" from vault: no secret "helm/repos" not found in vault
Read credentials for http://jenkins-x-chartmuseum:8080 from vault helm/repos
Successfully added Helm repository jenkins-x-chartmuseum.
WARNING: No $CHART_REPOSITORY defined so using the default value of: http://jenkins-x-chartmuseum:8080
Adding missing Helm repo: chartmuseum.jenkins-x.io http://chartmuseum.jenkins-x.io
WARNING: No secrets found on "helm/repos" due: reading the secret "helm/repos" from vault: no secret "helm/repos" not found in vault
Read credentials for http://chartmuseum.jenkins-x.io from vault helm/repos
Successfully added Helm repository chartmuseum.jenkins-x.io.
