
Showing logs for build [32mcb-kubecd-environment-pr-193-13-6l8wg-1[0m stage [32mfrom-build-pack[0m and container [32mstep-credential-initializer-krgcq[0m
{"level":"warn","ts":1586084594.2440512,"logger":"fallback-logger","caller":"logging/config.go:69","msg":"Fetch GitHub commit ID from kodata failed: \"ref: refs/heads/0.8.0-**-support-backwards-incompats\" is not a valid GitHub commit ID"}
{"level":"info","ts":1586084594.2444992,"logger":"fallback-logger","caller":"creds-init/main.go:40","msg":"Credentials initialized."}

Showing logs for build [32mcb-kubecd-environment-pr-193-13-6l8wg-1[0m stage [32mfrom-build-pack[0m and container [32mstep-working-dir-initializer-7cnd4[0m
{"level":"warn","ts":1586084595.0487208,"logger":"fallback-logger","caller":"logging/config.go:69","msg":"Fetch GitHub commit ID from kodata failed: open /var/run/ko/HEAD: no such file or directory"}
{"level":"info","ts":1586084595.0502975,"logger":"fallback-logger","caller":"bash/main.go:64","msg":"Successfully executed command \"sh -c mkdir -p /workspace/source\"; output "}

Showing logs for build [32mcb-kubecd-environment-pr-193-13-6l8wg-1[0m stage [32mfrom-build-pack[0m and container [32mstep-place-tools[0m

Showing logs for build [32mcb-kubecd-environment-pr-193-13-6l8wg-1[0m stage [32mfrom-build-pack[0m and container [32mstep-git-source-cb-kubecd-environment-pr-193-13-6l8wg-864bs[0m
{"level":"warn","ts":1586084599.2406182,"logger":"fallback-logger","caller":"logging/config.go:69","msg":"Fetch GitHub commit ID from kodata failed: \"ref: refs/heads/0.8.0-**-support-backwards-incompats\" is not a valid GitHub commit ID"}
{"level":"info","ts":1586084600.3163702,"logger":"fallback-logger","caller":"git/git.go:103","msg":"Successfully cloned https://github.com/cb-kubecd/environment-pr-193-138-boot-vault-gke-staging.git @ master in path /workspace/source"}

Showing logs for build [32mcb-kubecd-environment-pr-193-13-6l8wg-1[0m stage [32mfrom-build-pack[0m and container [32mstep-git-merge[0m
Using SHAs from PULL_REFS=master:8c5288f5d7c86e0a07feaeb294b9b8babd75eacf,2:fd75268e606af4242150d2de3fd0491f04826c3b
DEBUG: LC_ALL=C JX_LOG_LEVEL=error git fetch origin --unshallow fd75268e606af4242150d2de3fd0491f04826c3b: 8c5288f5d7c86e0a07feaeb294b9b8babd75eacf:
DEBUG: ran git fetch --unshallow origin fd75268e606af4242150d2de3fd0491f04826c3b: 8c5288f5d7c86e0a07feaeb294b9b8babd75eacf: in 
DEBUG: LC_ALL=C JX_LOG_LEVEL=error git branch
DEBUG: LC_ALL=C JX_LOG_LEVEL=error git checkout master
DEBUG: ran git checkout master in 
DEBUG: LC_ALL=C JX_LOG_LEVEL=error git reset --hard 8c5288f5d7c86e0a07feaeb294b9b8babd75eacf
DEBUG: ran git reset --hard 8c5288f5d7c86e0a07feaeb294b9b8babd75eacf in 
DEBUG: LC_ALL=C JX_LOG_LEVEL=error git clean -fd .
DEBUG: ran clean --force -d . in 
DEBUG: JX_LOG_LEVEL=error LC_ALL=C git merge fd75268e606af4242150d2de3fd0491f04826c3b
DEBUG: ran git merge fd75268e606af4242150d2de3fd0491f04826c3b in 
DEBUG: LC_ALL=C JX_LOG_LEVEL=error git log --format=%H%x1f%an%x1f%ae%x1f%cn%x1f%ce%x1f%s%n%b%x1e 8c5288f5d7c86e0a07feaeb294b9b8babd75eacf..HEAD
Merged SHA fd75268e606af4242150d2de3fd0491f04826c3b with commit message 'chore: Promote bdd-sbhg-1586084182 to version 0.0.1' into base branch master

Showing logs for build [32mcb-kubecd-environment-pr-193-13-6l8wg-1[0m stage [32mfrom-build-pack[0m and container [32mstep-build-helm-build[0m
WARNING: No $CHART_REPOSITORY defined so using the default value of: http://jenkins-x-chartmuseum:8080
Adding missing Helm repo: storage.googleapis.com https://storage.googleapis.com/chartmuseum.jenkins-x.io
WARNING: No secrets found on "helm/repos" due: reading the secret "helm/repos" from vault: no secret "helm/repos" not found in vault
Read credentials for https://storage.googleapis.com/chartmuseum.jenkins-x.io from vault helm/repos
Successfully added Helm repository storage.googleapis.com.
Adding missing Helm repo: jenkins-x-chartmuseum http://jenkins-x-chartmuseum:8080
WARNING: No secrets found on "helm/repos" due: reading the secret "helm/repos" from vault: no secret "helm/repos" not found in vault
Read credentials for http://jenkins-x-chartmuseum:8080 from vault helm/repos
Successfully added Helm repository jenkins-x-chartmuseum.
WARNING: No $CHART_REPOSITORY defined so using the default value of: http://jenkins-x-chartmuseum:8080
Adding missing Helm repo: chartmuseum.jenkins-x.io http://chartmuseum.jenkins-x.io
WARNING: No secrets found on "helm/repos" due: reading the secret "helm/repos" from vault: no secret "helm/repos" not found in vault
Read credentials for http://chartmuseum.jenkins-x.io from vault helm/repos
Successfully added Helm repository chartmuseum.jenkins-x.io.
